<?xml version="1.0" encoding="UTF-8"?>
<!-- Generated by org.testng.reporters.JUnitXMLReporter -->
<testsuite ignored="0" hostname="LTAR128840" failures="4" tests="12" name="TestNG" time="47.357" errors="0" timestamp="2023-10-27T17:49:44 CEST">
  <testcase classname="FrontEnd.SauceDemo.LoginWithDP" name="readFromArray" time="4.837">
    <failure type="java.lang.AssertionError" message="The following asserts failed:
	expected [fasdfads] but found [Swag Labs]">
      <![CDATA[java.lang.AssertionError: The following asserts failed:
expected [fasdfads] but found [Swag Labs]
at helpers.AssertionsList.assertAll(AssertionsList.java:41)
at FrontEnd.SauceDemo.LoginWithDP.readFromArray(LoginWithDP.java:78)
at java.base/java.util.ArrayList.forEach(ArrayList.java:1540)
... Removed 33 stack frames]]>
    </failure>
  </testcase> <!-- readFromArray -->
  <testcase classname="FrontEnd.SauceDemo.LoginWithDP" name="readFromArray" time="2.187">
    <failure type="java.lang.AssertionError" message="The following asserts failed:
	expected [fasdfads] but found [Swag Labs]">
      <![CDATA[java.lang.AssertionError: The following asserts failed:
expected [fasdfads] but found [Swag Labs]
at helpers.AssertionsList.assertAll(AssertionsList.java:41)
at FrontEnd.SauceDemo.LoginWithDP.readFromArray(LoginWithDP.java:78)
at java.base/java.util.ArrayList.forEach(ArrayList.java:1540)
... Removed 33 stack frames]]>
    </failure>
  </testcase> <!-- readFromArray -->
  <testcase classname="FrontEnd.SauceDemo.LoginWithDP" name="readFromArray" time="1.91">
    <failure type="java.lang.AssertionError" message="The following asserts failed:
	expected [fasdfads] but found [Swag Labs],
	expected [fasdfads] but found [Swag Labs]">
      <![CDATA[java.lang.AssertionError: The following asserts failed:
expected [fasdfads] but found [Swag Labs],
expected [fasdfads] but found [Swag Labs]
at helpers.AssertionsList.assertAll(AssertionsList.java:41)
at FrontEnd.SauceDemo.LoginWithDP.readFromArray(LoginWithDP.java:78)
at java.base/java.util.ArrayList.forEach(ArrayList.java:1540)
... Removed 33 stack frames]]>
    </failure>
  </testcase> <!-- readFromArray -->
  <testcase classname="FrontEnd.SauceDemo.LoginWithDP" name="readFromArray" time="7.254">
    <failure type="java.lang.AssertionError" message="The following asserts failed:
	expected [fasdfads] but found [Swag Labs],
	expected [fasdfads] but found [Swag Labs],
	expected [fasdfads] but found [Swag Labs]">
      <![CDATA[java.lang.AssertionError: The following asserts failed:
expected [fasdfads] but found [Swag Labs],
expected [fasdfads] but found [Swag Labs],
expected [fasdfads] but found [Swag Labs]
at helpers.AssertionsList.assertAll(AssertionsList.java:41)
at FrontEnd.SauceDemo.LoginWithDP.readFromArray(LoginWithDP.java:78)
at java.base/java.util.ArrayList.forEach(ArrayList.java:1540)
... Removed 33 stack frames]]>
    </failure>
  </testcase> <!-- readFromArray -->
  <testcase classname="FrontEnd.SauceDemo.LoginWithDP" name="readFromFileExcel" time="1.691"/>
  <testcase classname="FrontEnd.SauceDemo.LoginWithDP" name="readFromFileExcel" time="1.594"/>
  <testcase classname="FrontEnd.SauceDemo.LoginWithDP" name="readFromFileExcel" time="1.481"/>
  <testcase classname="FrontEnd.SauceDemo.LoginWithDP" name="readFromFileExcel" time="1.525"/>
  <testcase classname="FrontEnd.SauceDemo.LoginWithDP" name="readFromFileCSVLike" time="1.469"/>
  <testcase classname="FrontEnd.SauceDemo.LoginWithDP" name="readFromFileCSVLike" time="1.422"/>
  <testcase classname="FrontEnd.SauceDemo.LoginWithDP" name="readFromFileCSVLike" time="1.47"/>
  <testcase classname="FrontEnd.SauceDemo.LoginWithDP" name="readFromFileCSVLike" time="6.478"/>
</testsuite> <!-- TestNG -->
